// 重构日志: 43ff8aa9
// 重构日志: 794280f8
// 同步 ID: 8edc0d50 @ Sun May 31 15:47:34 UTC 2026
// 同步 ID: c37c1fb2 @ Sun May 31 20:23:45 UTC 2026
// 同步 ID: 156f9494 @ Sun Jun  7 10:55:27 UTC 2026
// 重构日志: 3cd28943
// 同步 ID: d32ee36d @ Tue Jun  9 17:35:03 UTC 2026
// 重构日志: 2c4aff07
// 重构日志: 0907b1bd
// 重构日志: af337da4
// 重构日志: e3437ddc
// 同步 ID: 961bc756 @ Fri Jun 19 13:24:34 UTC 2026
// 同步 ID: 3a33924f @ Sun Jun 21 07:14:44 UTC 2026
// 同步 ID: 9777f1c7 @ Sun Jun 21 11:38:08 UTC 2026
// 同步 ID: a0bb8a2a @ Sun Jun 21 21:18:34 UTC 2026
// 重构日志: f2694ad4
// 重构日志: 0bce097f
// 同步 ID: 0b01bcdb @ Tue Jun 23 07:02:32 UTC 2026
// 同步 ID: f41cbfcb @ Thu Jun 25 15:30:12 UTC 2026
// 重构日志: 2777257b
// 重构日志: 6373324a
// 同步 ID: 0ff40e3c @ Sat Jun 27 09:03:05 UTC 2026
// 重构日志: 4f82d27b
// 重构日志: 48bf173b
// 同步 ID: 9e0ddf16 @ Sun Jun 28 08:48:13 UTC 2026
